c:\users\b1073\desktop\computergraphics\project1_skeloton\project1 fltk\skeleton\x64\release\vc142.pdb
c:\users\b1073\desktop\computergraphics\project1_skeloton\project1 fltk\skeleton\x64\release\targaimage.obj
c:\users\b1073\desktop\computergraphics\project1_skeloton\project1 fltk\skeleton\x64\release\scripthandler.obj
c:\users\b1073\desktop\computergraphics\project1_skeloton\project1 fltk\skeleton\x64\release\main.obj
c:\users\b1073\desktop\computergraphics\project1_skeloton\project1 fltk\skeleton\x64\release\imagewidget.obj
c:\users\b1073\desktop\computergraphics\project1_skeloton\project1 fltk\skeleton\x64\release\libtarga.obj
d:\maochinn\ntust\cg\fltk_skeleton\skeleton\x64\release\skeleton.exe
d:\maochinn\ntust\cg\fltk_skeleton\skeleton\x64\release\skeleton.pdb
c:\users\b1073\desktop\computergraphics\project1_skeloton\project1 fltk\x64\release\skeleton.exe
c:\users\b1073\desktop\computergraphics\project1_skeloton\project1 fltk\x64\release\skeleton.pdb
d:\maochinn\ntust\cg\fltk_skeleton\skeleton\x64\release\skeleton.ipdb
d:\maochinn\ntust\cg\fltk_skeleton\skeleton\x64\release\skeleton.iobj
c:\users\b1073\desktop\computergraphics\project1_skeloton\project1 fltk\x64\release\skeleton.ipdb
c:\users\b1073\desktop\computergraphics\project1_skeloton\project1 fltk\x64\release\skeleton.iobj
c:\users\b1073\desktop\computergraphics\project1_skeloton\project1 fltk\skeleton\x64\release\skeleton.tlog\cl.command.1.tlog
c:\users\b1073\desktop\computergraphics\project1_skeloton\project1 fltk\skeleton\x64\release\skeleton.tlog\cl.read.1.tlog
c:\users\b1073\desktop\computergraphics\project1_skeloton\project1 fltk\skeleton\x64\release\skeleton.tlog\cl.write.1.tlog
c:\users\b1073\desktop\computergraphics\project1_skeloton\project1 fltk\skeleton\x64\release\skeleton.tlog\link.command.1.tlog
c:\users\b1073\desktop\computergraphics\project1_skeloton\project1 fltk\skeleton\x64\release\skeleton.tlog\link.delete.1.tlog
c:\users\b1073\desktop\computergraphics\project1_skeloton\project1 fltk\skeleton\x64\release\skeleton.tlog\link.read.1.tlog
c:\users\b1073\desktop\computergraphics\project1_skeloton\project1 fltk\skeleton\x64\release\skeleton.tlog\link.write.1.tlog
c:\users\b1073\desktop\computergraphics\project1_skeloton\project1 fltk\skeleton\x64\release\skeleton.tlog\skeleton.write.1u.tlog
